#
# A fatal error has been detected by the Java Runtime Environment:
#
#  Internal Error (safepoint.cpp:308), pid=591, tid=9987
#  guarantee(PageArmed == 0) failed: invariant
#
# JRE version: Java(TM) SE Runtime Environment (8.0_05-b13) (build 1.8.0_05-b13)
# Java VM: Java HotSpot(TM) 64-Bit Server VM (25.5-b02 mixed mode bsd-amd64 compressed oops)
# Failed to write core dump. Core dumps have been disabled. To enable core dumping, try "ulimit -c unlimited" before starting Java again
#
# If you would like to submit a bug report, please visit:
#   http://bugreport.sun.com/bugreport/crash.jsp
#

---------------  T H R E A D  ---------------

Current thread (0x00007fe6ea056800):  VMThread [stack: 0x0000000114653000,0x0000000114753000] [id=9987]

Stack: [0x0000000114653000,0x0000000114753000],  sp=0x0000000114752910,  free space=1022k
Native frames: (J=compiled Java code, j=interpreted, Vv=VM code, C=native code)
V  [libjvm.dylib+0x55f05c]
V  [libjvm.dylib+0x1d2adb]
V  [libjvm.dylib+0x498258]
V  [libjvm.dylib+0x564f4d]
V  [libjvm.dylib+0x564993]
V  [libjvm.dylib+0x445426]
C  [libsystem_pthread.dylib+0x3268]  _pthread_body+0x83
C  [libsystem_pthread.dylib+0x31e5]  _pthread_body+0x0
C  [libsystem_pthread.dylib+0x141d]  thread_start+0xd


---------------  P R O C E S S  ---------------

Java Threads: ( => current thread )
  0x00007fe6ea41c800 JavaThread "TimerQueue" daemon [_thread_blocked, id=54795, stack(0x00000001224c7000,0x00000001225c7000)]
  0x00007fe6eab80800 JavaThread "DestroyJavaVM" [_thread_blocked, id=3331, stack(0x0000000101117000,0x0000000101217000)]
  0x00007fe6eaad1000 JavaThread "AWT-EventQueue-0" [_thread_in_Java, id=48903, stack(0x000000011b9c1000,0x000000011bac1000)]
  0x00007fe6eaa18000 JavaThread "Java2D Disposer" daemon [_thread_blocked, id=48647, stack(0x000000011b84f000,0x000000011b94f000)]
  0x00007fe6ea133800 JavaThread "Java2D Queue Flusher" daemon [_thread_blocked, id=47143, stack(0x000000011a78f000,0x000000011a88f000)]
  0x00007fe6ea0b3800 JavaThread "AWT-Shutdown" [_thread_blocked, id=27911, stack(0x0000000117de3000,0x0000000117ee3000)]
  0x00007fe6ea0b0800 JavaThread "AppKit Thread" daemon [_thread_blocked, id=1811, stack(0x00007fff5f2a8000,0x00007fff5faa8000)]
  0x00007fe6ea076000 JavaThread "Service Thread" daemon [_thread_blocked, id=16387, stack(0x0000000116414000,0x0000000116514000)]
  0x00007fe6ea880000 JavaThread "C1 CompilerThread1" daemon [_thread_blocked, id=15875, stack(0x0000000116311000,0x0000000116411000)]
  0x00007fe6ea833800 JavaThread "C2 CompilerThread0" daemon [_thread_blocked, id=15363, stack(0x000000011620e000,0x000000011630e000)]
  0x00007fe6ea084000 JavaThread "Signal Dispatcher" daemon [_thread_blocked, id=14095, stack(0x000000011610b000,0x000000011620b000)]
  0x00007fe6ea81e000 JavaThread "Finalizer" daemon [_thread_blocked, id=11011, stack(0x0000000114859000,0x0000000114959000)]
  0x00007fe6ea808800 JavaThread "Reference Handler" daemon [_thread_blocked, id=10499, stack(0x0000000114756000,0x0000000114856000)]

Other Threads:
=>0x00007fe6ea056800 VMThread [stack: 0x0000000114653000,0x0000000114753000] [id=9987]
  0x00007fe6ea043800 WatcherThread [stack: 0x0000000116517000,0x0000000116617000] [id=16899]

VM state:synchronizing (normal execution)

VM Mutex/Monitor currently owned by a thread:  ([mutex/lock_event])
[0x00007fe6e9c02ca0] Safepoint_lock - owner thread: 0x00007fe6ea056800
[0x00007fe6e9c02d20] Threads_lock - owner thread: 0x00007fe6ea056800

Heap:
 PSYoungGen      total 3584K, used 2640K [0x00000007aab00000, 0x00000007ab000000, 0x00000007c0000000)
  eden space 2048K, 74% used [0x00000007aab00000,0x00000007aac7c258,0x00000007aad00000)
  from space 1536K, 72% used [0x00000007aae80000,0x00000007aaf98000,0x00000007ab000000)
  to   space 1536K, 0% used [0x00000007aad00000,0x00000007aad00000,0x00000007aae80000)
 ParOldGen       total 64000K, used 4938K [0x0000000780000000, 0x0000000783e80000, 0x00000007aab00000)
  object space 64000K, 7% used [0x0000000780000000,0x00000007804d2960,0x0000000783e80000)
 Metaspace       used 10583K, capacity 10704K, committed 10880K, reserved 1058816K
  class space    used 1351K, capacity 1399K, committed 1408K, reserved 1048576K

Card table byte_map: [0x0000000110bc0000,0x0000000110dc1000] byte_map_base: 0x000000010cfc0000

Marking Bits: (ParMarkBitMap*) 0x0000000100abc0a0
 Begin Bits: [0x0000000110fc7000, 0x0000000111fc7000)
 End Bits:   [0x0000000111fc7000, 0x0000000112fc7000)

Polling page: 0x0000000101272000

CodeCache: size=245760Kb used=2426Kb max_used=2437Kb free=243333Kb
 bounds [0x0000000101800000, 0x0000000101a70000, 0x0000000110800000]
 total_blobs=1116 nmethods=609 adapters=423
 compilation: enabled

Compilation events (10 events):
Event: 47.966 Thread 0x00007fe6ea880000  605       3       sun.java2d.pipe.RenderQueue::tryLock (4 bytes)
Event: 47.966 Thread 0x00007fe6ea880000 nmethod 605 0x0000000101a5e1d0 code [0x0000000101a5e340, 0x0000000101a5e628]
Event: 47.966 Thread 0x00007fe6ea880000  606       3       sun.awt.SunToolkit::awtTryLock (7 bytes)
Event: 47.967 Thread 0x00007fe6ea880000 nmethod 606 0x0000000101a5e790 code [0x0000000101a5e900, 0x0000000101a5eb68]
Event: 1422.923 Thread 0x00007fe6ea880000  607       1       sun.java2d.pipe.RenderBuffer::position (11 bytes)
Event: 1422.923 Thread 0x00007fe6ea880000 nmethod 607 0x0000000101a5ec90 code [0x0000000101a5ede0, 0x0000000101a5eef0]
Event: 1641.641 Thread 0x00007fe6ea833800  608       4       java.util.concurrent.locks.AbstractQueuedSynchronizer::release (33 bytes)
Event: 1641.642 Thread 0x00007fe6ea833800 nmethod 608 0x0000000101a61c10 code [0x0000000101a61d60, 0x0000000101a61e28]
Event: 1642.181 Thread 0x00007fe6ea833800  609       4       java.util.concurrent.locks.ReentrantLock$Sync::tryRelease (45 bytes)
Event: 1642.182 Thread 0x00007fe6ea833800 nmethod 609 0x0000000101a44cd0 code [0x0000000101a44e00, 0x0000000101a44eb8]

GC Heap History (10 events):
Event: 0.588 GC heap before
{Heap before GC invocations=2 (full 0):
 PSYoungGen      total 1024K, used 960K [0x00000007aab00000, 0x00000007aac80000, 0x00000007c0000000)
  eden space 512K, 100% used [0x00000007aab00000,0x00000007aab80000,0x00000007aab80000)
  from space 512K, 87% used [0x00000007aab80000,0x00000007aabf0020,0x00000007aac00000)
  to   space 512K, 0% used [0x00000007aac00000,0x00000007aac00000,0x00000007aac80000)
 ParOldGen       total 64000K, used 8K [0x0000000780000000, 0x0000000783e80000, 0x00000007aab00000)
  object space 64000K, 0% used [0x0000000780000000,0x0000000780002000,0x0000000783e80000)
 Metaspace       used 4400K, capacity 4626K, committed 4992K, reserved 1056768K
  class space    used 506K, capacity 522K, committed 640K, reserved 1048576K
Event: 0.591 GC heap after
Heap after GC invocations=2 (full 0):
 PSYoungGen      total 1024K, used 512K [0x00000007aab00000, 0x00000007aac80000, 0x00000007c0000000)
  eden space 512K, 0% used [0x00000007aab00000,0x00000007aab00000,0x00000007aab80000)
  from space 512K, 100% used [0x00000007aac00000,0x00000007aac80000,0x00000007aac80000)
  to   space 512K, 0% used [0x00000007aab80000,0x00000007aab80000,0x00000007aac00000)
 ParOldGen       total 64000K, used 128K [0x0000000780000000, 0x0000000783e80000, 0x00000007aab00000)
  object space 64000K, 0% used [0x0000000780000000,0x0000000780020000,0x0000000783e80000)
 Metaspace       used 4400K, capacity 4626K, committed 4992K, reserved 1056768K
  class space    used 506K, capacity 522K, committed 640K, reserved 1048576K
}
Event: 0.665 GC heap before
{Heap before GC invocations=3 (full 0):
 PSYoungGen      total 1024K, used 1024K [0x00000007aab00000, 0x00000007aac80000, 0x00000007c0000000)
  eden space 512K, 100% used [0x00000007aab00000,0x00000007aab80000,0x00000007aab80000)
  from space 512K, 100% used [0x00000007aac00000,0x00000007aac80000,0x00000007aac80000)
  to   space 512K, 0% used [0x00000007aab80000,0x00000007aab80000,0x00000007aac00000)
 ParOldGen       total 64000K, used 128K [0x0000000780000000, 0x0000000783e80000, 0x00000007aab00000)
  object space 64000K, 0% used [0x0000000780000000,0x0000000780020000,0x0000000783e80000)
 Metaspace       used 4761K, capacity 4850K, committed 4992K, reserved 1056768K
  class space    used 549K, capacity 578K, committed 640K, reserved 1048576K
Event: 0.668 GC heap after
Heap after GC invocations=3 (full 0):
 PSYoungGen      total 1024K, used 496K [0x00000007aab00000, 0x00000007aad00000, 0x00000007c0000000)
  eden space 512K, 0% used [0x00000007aab00000,0x00000007aab00000,0x00000007aab80000)
  from space 512K, 96% used [0x00000007aab80000,0x00000007aabfc010,0x00000007aac00000)
  to   space 512K, 0% used [0x00000007aac80000,0x00000007aac80000,0x00000007aad00000)
 ParOldGen       total 64000K, used 256K [0x0000000780000000, 0x0000000783e80000, 0x00000007aab00000)
  object space 64000K, 0% used [0x0000000780000000,0x0000000780040000,0x0000000783e80000)
 Metaspace       used 4761K, capacity 4850K, committed 4992K, reserved 1056768K
  class space    used 549K, capacity 578K, committed 640K, reserved 1048576K
}
Event: 0.807 GC heap before
{Heap before GC invocations=4 (full 0):
 PSYoungGen      total 1024K, used 1008K [0x00000007aab00000, 0x00000007aad00000, 0x00000007c0000000)
  eden space 512K, 100% used [0x00000007aab00000,0x00000007aab80000,0x00000007aab80000)
  from space 512K, 96% used [0x00000007aab80000,0x00000007aabfc010,0x00000007aac00000)
  to   space 512K, 0% used [0x00000007aac80000,0x00000007aac80000,0x00000007aad00000)
 ParOldGen       total 64000K, used 256K [0x0000000780000000, 0x0000000783e80000, 0x00000007aab00000)
  object space 64000K, 0% used [0x0000000780000000,0x0000000780040000,0x0000000783e80000)
 Metaspace       used 6368K, capacity 6484K, committed 6784K, reserved 1056768K
  class space    used 746K, capacity 785K, committed 896K, reserved 1048576K
Event: 0.811 GC heap after
Heap after GC invocations=4 (full 0):
 PSYoungGen      total 1536K, used 496K [0x00000007aab00000, 0x00000007aad00000, 0x00000007c0000000)
  eden space 1024K, 0% used [0x00000007aab00000,0x00000007aab00000,0x00000007aac00000)
  from space 512K, 96% used [0x00000007aac80000,0x00000007aacfc010,0x00000007aad00000)
  to   space 512K, 0% used [0x00000007aac00000,0x00000007aac00000,0x00000007aac80000)
 ParOldGen       total 64000K, used 440K [0x0000000780000000, 0x0000000783e80000, 0x00000007aab00000)
  object space 64000K, 0% used [0x0000000780000000,0x000000078006e000,0x0000000783e80000)
 Metaspace       used 6368K, capacity 6484K, committed 6784K, reserved 1056768K
  class space    used 746K, capacity 785K, committed 896K, reserved 1048576K
}
Event: 1.592 GC heap before
{Heap before GC invocations=5 (full 0):
 PSYoungGen      total 1536K, used 1520K [0x00000007aab00000, 0x00000007aad00000, 0x00000007c0000000)
  eden space 1024K, 100% used [0x00000007aab00000,0x00000007aac00000,0x00000007aac00000)
  from space 512K, 96% used [0x00000007aac80000,0x00000007aacfc010,0x00000007aad00000)
  to   space 512K, 0% used [0x00000007aac00000,0x00000007aac00000,0x00000007aac80000)
 ParOldGen       total 64000K, used 440K [0x0000000780000000, 0x0000000783e80000, 0x00000007aab00000)
  object space 64000K, 0% used [0x0000000780000000,0x000000078006e000,0x0000000783e80000)
 Metaspace       used 8757K, capacity 8832K, committed 9088K, reserved 1056768K
  class space    used 1099K, capacity 1140K, committed 1152K, reserved 1048576K
Event: 1.596 GC heap after
Heap after GC invocations=5 (full 0):
 PSYoungGen      total 1536K, used 512K [0x00000007aab00000, 0x00000007ab000000, 0x00000007c0000000)
  eden space 1024K, 0% used [0x00000007aab00000,0x00000007aab00000,0x00000007aac00000)
  from space 512K, 100% used [0x00000007aac00000,0x00000007aac80000,0x00000007aac80000)
  to   space 1536K, 0% used [0x00000007aae80000,0x00000007aae80000,0x00000007ab000000)
 ParOldGen       total 64000K, used 1032K [0x0000000780000000, 0x0000000783e80000, 0x00000007aab00000)
  object space 64000K, 1% used [0x0000000780000000,0x0000000780102050,0x0000000783e80000)
 Metaspace       used 8757K, capacity 8832K, committed 9088K, reserved 1056768K
  class space    used 1099K, capacity 1140K, committed 1152K, reserved 1048576K
}
Event: 1.878 GC heap before
{Heap before GC invocations=6 (full 0):
 PSYoungGen      total 1536K, used 1536K [0x00000007aab00000, 0x00000007ab000000, 0x00000007c0000000)
  eden space 1024K, 100% used [0x00000007aab00000,0x00000007aac00000,0x00000007aac00000)
  from space 512K, 100% used [0x00000007aac00000,0x00000007aac80000,0x00000007aac80000)
  to   space 1536K, 0% used [0x00000007aae80000,0x00000007aae80000,0x00000007ab000000)
 ParOldGen       total 64000K, used 1032K [0x0000000780000000, 0x0000000783e80000, 0x00000007aab00000)
  object space 64000K, 1% used [0x0000000780000000,0x0000000780102050,0x0000000783e80000)
 Metaspace       used 9955K, capacity 10022K, committed 10368K, reserved 1058816K
  class space    used 1275K, capacity 1301K, committed 1408K, reserved 1048576K
Event: 1.883 GC heap after
Heap after GC invocations=6 (full 0):
 PSYoungGen      total 3584K, used 1120K [0x00000007aab00000, 0x00000007ab000000, 0x00000007c0000000)
  eden space 2048K, 0% used [0x00000007aab00000,0x00000007aab00000,0x00000007aad00000)
  from space 1536K, 72% used [0x00000007aae80000,0x00000007aaf98000,0x00000007ab000000)
  to   space 1536K, 0% used [0x00000007aad00000,0x00000007aad00000,0x00000007aae80000)
 ParOldGen       total 64000K, used 1032K [0x0000000780000000, 0x0000000783e80000, 0x00000007aab00000)
  object space 64000K, 1% used [0x0000000780000000,0x0000000780102050,0x0000000783e80000)
 Metaspace       used 9955K, capacity 10022K, committed 10368K, reserved 1058816K
  class space    used 1275K, capacity 1301K, committed 1408K, reserved 1048576K
}

Deoptimization events (3 events):
Event: 8.414 Thread 0x00007fe6eaad1000 Uncommon trap: reason=class_check action=maybe_recompile pc=0x000000010199a3c0 method=java.lang.String.equals(Ljava/lang/Object;)Z @ 8
Event: 8.414 Thread 0x00007fe6eaad1000 Uncommon trap: reason=class_check action=maybe_recompile pc=0x000000010199a3c0 method=java.lang.String.equals(Ljava/lang/Object;)Z @ 8
Event: 10.532 Thread 0x00007fe6eaad1000 Uncommon trap: reason=unloaded action=reinterpret pc=0x0000000101a3d274 method=principal.BubbleSort.calcular([IIZ)D @ 93

Internal exceptions (10 events):
Event: 10.328 Thread 0x00007fe6eaad1000 Exception <a 'java/security/PrivilegedActionException'> (0x00000007aabcb360) thrown at [/HUDSON/workspace/8-2-build-macosx-x86_64/jdk8u5/2488/hotspot/src/share/vm/prims/jvm.cpp, line 1248]
Event: 10.329 Thread 0x00007fe6eaad1000 Exception <a 'java/security/PrivilegedActionException'> (0x00000007aabce6c0) thrown at [/HUDSON/workspace/8-2-build-macosx-x86_64/jdk8u5/2488/hotspot/src/share/vm/prims/jvm.cpp, line 1248]
Event: 10.329 Thread 0x00007fe6eaad1000 Exception <a 'java/security/PrivilegedActionException'> (0x00000007aabd1cd0) thrown at [/HUDSON/workspace/8-2-build-macosx-x86_64/jdk8u5/2488/hotspot/src/share/vm/prims/jvm.cpp, line 1248]
Event: 10.330 Thread 0x00007fe6eaad1000 Exception <a 'java/security/PrivilegedActionException'> (0x00000007aabd5218) thrown at [/HUDSON/workspace/8-2-build-macosx-x86_64/jdk8u5/2488/hotspot/src/share/vm/prims/jvm.cpp, line 1248]
Event: 10.331 Thread 0x00007fe6eaad1000 Exception <a 'java/security/PrivilegedActionException'> (0x00000007aabe04d8) thrown at [/HUDSON/workspace/8-2-build-macosx-x86_64/jdk8u5/2488/hotspot/src/share/vm/prims/jvm.cpp, line 1248]
Event: 10.332 Thread 0x00007fe6eaad1000 Exception <a 'java/security/PrivilegedActionException'> (0x00000007aabe7818) thrown at [/HUDSON/workspace/8-2-build-macosx-x86_64/jdk8u5/2488/hotspot/src/share/vm/prims/jvm.cpp, line 1248]
Event: 10.333 Thread 0x00007fe6eaad1000 Exception <a 'java/security/PrivilegedActionException'> (0x00000007aabeb1a0) thrown at [/HUDSON/workspace/8-2-build-macosx-x86_64/jdk8u5/2488/hotspot/src/share/vm/prims/jvm.cpp, line 1248]
Event: 10.336 Thread 0x00007fe6eaad1000 Exception <a 'java/security/PrivilegedActionException'> (0x00000007aabf2938) thrown at [/HUDSON/workspace/8-2-build-macosx-x86_64/jdk8u5/2488/hotspot/src/share/vm/prims/jvm.cpp, line 1248]
Event: 10.347 Thread 0x00007fe6eaad1000 Exception <a 'java/security/PrivilegedActionException'> (0x00000007aabfe930) thrown at [/HUDSON/workspace/8-2-build-macosx-x86_64/jdk8u5/2488/hotspot/src/share/vm/prims/jvm.cpp, line 1248]
Event: 10.349 Thread 0x00007fe6eaad1000 Exception <a 'java/security/PrivilegedActionException'> (0x00000007aac03998) thrown at [/HUDSON/workspace/8-2-build-macosx-x86_64/jdk8u5/2488/hotspot/src/share/vm/prims/jvm.cpp, line 1248]

Events (10 events):
Event: 10.348 loading class java/lang/CloneNotSupportedException done
Event: 10.349 loading class org/jfree/data/general/SeriesChangeEvent
Event: 10.349 loading class org/jfree/data/general/SeriesChangeEvent done
Event: 10.350 Thread 0x00007fe6eaad1000 DEOPT PACKING pc=0x0000000101a3fec1 sp=0x000000011babe180
Event: 10.350 Thread 0x00007fe6eaad1000 DEOPT UNPACKING pc=0x000000010184701a sp=0x000000011babdf20 mode 0
Event: 10.532 Thread 0x00007fe6eaad1000 Uncommon trap: trap_request=0x0000001a fr.pc=0x0000000101a3d274
Event: 10.532 Thread 0x00007fe6eaad1000 DEOPT PACKING pc=0x0000000101a3d274 sp=0x000000011babe200
Event: 10.532 Thread 0x00007fe6eaad1000 DEOPT UNPACKING pc=0x0000000101847250 sp=0x000000011babe1b8 mode 2
Event: 31.415 Thread 0x00007fe6eaad1000 DEOPT PACKING pc=0x0000000101a4ab61 sp=0x000000011babe030
Event: 31.415 Thread 0x00007fe6eaad1000 DEOPT UNPACKING pc=0x000000010184701a sp=0x000000011babdfd8 mode 0


Dynamic libraries:
0x000000000ccf1000 	/System/Library/Frameworks/Cocoa.framework/Versions/A/Cocoa
0x000000000ccf1000 	/System/Library/Frameworks/Security.framework/Versions/A/Security
0x000000000ccf1000 	/System/Library/Frameworks/ApplicationServices.framework/Versions/A/ApplicationServices
0x000000000ccf1000 	/usr/lib/libz.1.dylib
0x000000000ccf1000 	/usr/lib/libSystem.B.dylib
0x000000000ccf1000 	/usr/lib/libobjc.A.dylib
0x000000000ccf1000 	/System/Library/Frameworks/CoreFoundation.framework/Versions/A/CoreFoundation
0x000000000ccf1000 	/System/Library/Frameworks/Foundation.framework/Versions/C/Foundation
0x000000000ccf1000 	/System/Library/Frameworks/AppKit.framework/Versions/C/AppKit
0x000000000ccf1000 	/System/Library/Frameworks/CoreData.framework/Versions/A/CoreData
0x000000000ccf1000 	/System/Library/PrivateFrameworks/RemoteViewServices.framework/Versions/A/RemoteViewServices
0x000000000ccf1000 	/System/Library/PrivateFrameworks/UIFoundation.framework/Versions/A/UIFoundation
0x000000000ccf1000 	/System/Library/Frameworks/IOSurface.framework/Versions/A/IOSurface
0x000000000ccf1000 	/System/Library/Frameworks/AudioToolbox.framework/Versions/A/AudioToolbox
0x000000000ccf1000 	/System/Library/Frameworks/AudioUnit.framework/Versions/A/AudioUnit
0x000000000ccf1000 	/System/Library/PrivateFrameworks/DataDetectorsCore.framework/Versions/A/DataDetectorsCore
0x000000000ccf1000 	/System/Library/PrivateFrameworks/DesktopServicesPriv.framework/Versions/A/DesktopServicesPriv
0x000000000ccf1000 	/System/Library/Frameworks/Carbon.framework/Versions/A/Frameworks/HIToolbox.framework/Versions/A/HIToolbox
0x000000000ccf1000 	/System/Library/Frameworks/QuartzCore.framework/Versions/A/QuartzCore
0x000000000ccf1000 	/System/Library/Frameworks/Carbon.framework/Versions/A/Frameworks/SpeechRecognition.framework/Versions/A/SpeechRecognition
0x000000000ccf1000 	/usr/lib/libauto.dylib
0x000000000ccf1000 	/usr/lib/libicucore.A.dylib
0x000000000ccf1000 	/usr/lib/libxml2.2.dylib
0x000000000ccf1000 	/System/Library/PrivateFrameworks/CoreUI.framework/Versions/A/CoreUI
0x000000000ccf1000 	/System/Library/Frameworks/CoreAudio.framework/Versions/A/CoreAudio
0x000000000ccf1000 	/System/Library/Frameworks/DiskArbitration.framework/Versions/A/DiskArbitration
0x000000000ccf1000 	/usr/lib/liblangid.dylib
0x000000000ccf1000 	/System/Library/PrivateFrameworks/MultitouchSupport.framework/Versions/A/MultitouchSupport
0x000000000ccf1000 	/System/Library/Frameworks/IOKit.framework/Versions/A/IOKit
0x000000000ccf1000 	/usr/lib/libDiagnosticMessagesClient.dylib
0x000000000ccf1000 	/System/Library/Frameworks/CoreServices.framework/Versions/A/CoreServices
0x000000000ccf1000 	/System/Library/PrivateFrameworks/PerformanceAnalysis.framework/Versions/A/PerformanceAnalysis
0x000000000ccf1000 	/System/Library/PrivateFrameworks/GenerationalStorage.framework/Versions/A/GenerationalStorage
0x000000000ccf1000 	/System/Library/Frameworks/OpenGL.framework/Versions/A/OpenGL
0x000000000ccf1000 	/System/Library/PrivateFrameworks/Sharing.framework/Versions/A/Sharing
0x000000000ccf1000 	/System/Library/Frameworks/CoreGraphics.framework/Versions/A/CoreGraphics
0x000000000ccf1000 	/System/Library/Frameworks/CoreText.framework/Versions/A/CoreText
0x000000000ccf1000 	/System/Library/Frameworks/ImageIO.framework/Versions/A/ImageIO
0x000000000ccf1000 	/usr/lib/libextension.dylib
0x000000000ccf1000 	/System/Library/PrivateFrameworks/Backup.framework/Versions/A/Backup
0x000000000ccf1000 	/usr/lib/libarchive.2.dylib
0x000000000ccf1000 	/System/Library/Frameworks/CFNetwork.framework/Versions/A/CFNetwork
0x000000000ccf1000 	/System/Library/Frameworks/SystemConfiguration.framework/Versions/A/SystemConfiguration
0x000000000ccf1000 	/usr/lib/libCRFSuite.dylib
0x000000000ccf1000 	/usr/lib/libc++.1.dylib
0x000000000ccf1000 	/usr/lib/libc++abi.dylib
0x000000000ccf1000 	/usr/lib/system/libcache.dylib
0x000000000ccf1000 	/usr/lib/system/libcommonCrypto.dylib
0x000000000ccf1000 	/usr/lib/system/libcompiler_rt.dylib
0x000000000ccf1000 	/usr/lib/system/libcopyfile.dylib
0x000000000ccf1000 	/usr/lib/system/libcorecrypto.dylib
0x000000000ccf1000 	/usr/lib/system/libdispatch.dylib
0x000000000ccf1000 	/usr/lib/system/libdyld.dylib
0x000000000ccf1000 	/usr/lib/system/libkeymgr.dylib
0x000000000ccf1000 	/usr/lib/system/liblaunch.dylib
0x000000000ccf1000 	/usr/lib/system/libmacho.dylib
0x000000000ccf1000 	/usr/lib/system/libquarantine.dylib
0x000000000ccf1000 	/usr/lib/system/libremovefile.dylib
0x000000000ccf1000 	/usr/lib/system/libsystem_asl.dylib
0x000000000ccf1000 	/usr/lib/system/libsystem_blocks.dylib
0x000000000ccf1000 	/usr/lib/system/libsystem_c.dylib
0x000000000ccf1000 	/usr/lib/system/libsystem_configuration.dylib
0x000000000ccf1000 	/usr/lib/system/libsystem_coreservices.dylib
0x000000000ccf1000 	/usr/lib/system/libsystem_coretls.dylib
0x000000000ccf1000 	/usr/lib/system/libsystem_dnssd.dylib
0x000000000ccf1000 	/usr/lib/system/libsystem_info.dylib
0x000000000ccf1000 	/usr/lib/system/libsystem_kernel.dylib
0x000000000ccf1000 	/usr/lib/system/libsystem_m.dylib
0x000000000ccf1000 	/usr/lib/system/libsystem_malloc.dylib
0x000000000ccf1000 	/usr/lib/system/libsystem_network.dylib
0x000000000ccf1000 	/usr/lib/system/libsystem_networkextension.dylib
0x000000000ccf1000 	/usr/lib/system/libsystem_notify.dylib
0x000000000ccf1000 	/usr/lib/system/libsystem_platform.dylib
0x000000000ccf1000 	/usr/lib/system/libsystem_pthread.dylib
0x000000000ccf1000 	/usr/lib/system/libsystem_sandbox.dylib
0x000000000ccf1000 	/usr/lib/system/libsystem_secinit.dylib
0x000000000ccf1000 	/usr/lib/system/libsystem_stats.dylib
0x000000000ccf1000 	/usr/lib/system/libsystem_trace.dylib
0x000000000ccf1000 	/usr/lib/system/libunc.dylib
0x000000000ccf1000 	/usr/lib/system/libunwind.dylib
0x000000000ccf1000 	/usr/lib/system/libxpc.dylib
0x000000000ccf1000 	/usr/lib/libbz2.1.0.dylib
0x000000000ccf1000 	/usr/lib/liblzma.5.dylib
0x000000000ccf1000 	/usr/lib/libbsm.0.dylib
0x000000000ccf1000 	/usr/lib/libsqlite3.dylib
0x000000000ccf1000 	/usr/lib/system/libkxld.dylib
0x000000000ccf1000 	/usr/lib/libxar.1.dylib
0x000000000ccf1000 	/usr/lib/libpam.2.dylib
0x000000000ccf1000 	/usr/lib/libOpenScriptingUtil.dylib
0x000000000ccf1000 	/System/Library/Frameworks/CoreServices.framework/Versions/A/Frameworks/FSEvents.framework/Versions/A/FSEvents
0x000000000ccf1000 	/System/Library/Frameworks/CoreServices.framework/Versions/A/Frameworks/CarbonCore.framework/Versions/A/CarbonCore
0x000000000ccf1000 	/System/Library/Frameworks/CoreServices.framework/Versions/A/Frameworks/Metadata.framework/Versions/A/Metadata
0x000000000ccf1000 	/System/Library/Frameworks/CoreServices.framework/Versions/A/Frameworks/OSServices.framework/Versions/A/OSServices
0x000000000ccf1000 	/System/Library/Frameworks/CoreServices.framework/Versions/A/Frameworks/SearchKit.framework/Versions/A/SearchKit
0x000000000ccf1000 	/System/Library/Frameworks/CoreServices.framework/Versions/A/Frameworks/AE.framework/Versions/A/AE
0x000000000ccf1000 	/System/Library/Frameworks/CoreServices.framework/Versions/A/Frameworks/LaunchServices.framework/Versions/A/LaunchServices
0x000000000ccf1000 	/System/Library/Frameworks/CoreServices.framework/Versions/A/Frameworks/DictionaryServices.framework/Versions/A/DictionaryServices
0x000000000ccf1000 	/System/Library/Frameworks/NetFS.framework/Versions/A/NetFS
0x000000000ccf1000 	/System/Library/PrivateFrameworks/NetAuth.framework/Versions/A/NetAuth
0x000000000ccf1000 	/System/Library/PrivateFrameworks/login.framework/Versions/A/Frameworks/loginsupport.framework/Versions/A/loginsupport
0x000000000ccf1000 	/System/Library/PrivateFrameworks/TCC.framework/Versions/A/TCC
0x000000000ccf1000 	/usr/lib/libmecabra.dylib
0x000000000ccf1000 	/System/Library/Frameworks/ApplicationServices.framework/Versions/A/Frameworks/ATS.framework/Versions/A/ATS
0x000000000ccf1000 	/System/Library/Frameworks/ApplicationServices.framework/Versions/A/Frameworks/ColorSync.framework/Versions/A/ColorSync
0x000000000ccf1000 	/System/Library/Frameworks/ApplicationServices.framework/Versions/A/Frameworks/HIServices.framework/Versions/A/HIServices
0x000000000ccf1000 	/System/Library/Frameworks/ApplicationServices.framework/Versions/A/Frameworks/LangAnalysis.framework/Versions/A/LangAnalysis
0x000000000ccf1000 	/System/Library/Frameworks/ApplicationServices.framework/Versions/A/Frameworks/PrintCore.framework/Versions/A/PrintCore
0x000000000ccf1000 	/System/Library/Frameworks/ApplicationServices.framework/Versions/A/Frameworks/QD.framework/Versions/A/QD
0x000000000ccf1000 	/System/Library/Frameworks/ApplicationServices.framework/Versions/A/Frameworks/SpeechSynthesis.framework/Versions/A/SpeechSynthesis
0x000000000ccf1000 	/System/Library/Frameworks/Accelerate.framework/Versions/A/Accelerate
0x000000000ccf1000 	/System/Library/Frameworks/Accelerate.framework/Versions/A/Frameworks/vImage.framework/Versions/A/vImage
0x000000000ccf1000 	/System/Library/Frameworks/Accelerate.framework/Versions/A/Frameworks/vecLib.framework/Versions/A/vecLib
0x000000000ccf1000 	/System/Library/Frameworks/Accelerate.framework/Versions/A/Frameworks/vecLib.framework/Versions/A/libvDSP.dylib
0x000000000ccf1000 	/System/Library/Frameworks/Accelerate.framework/Versions/A/Frameworks/vecLib.framework/Versions/A/libvMisc.dylib
0x000000000ccf1000 	/System/Library/Frameworks/Accelerate.framework/Versions/A/Frameworks/vecLib.framework/Versions/A/libLAPACK.dylib
0x000000000ccf1000 	/System/Library/Frameworks/Accelerate.framework/Versions/A/Frameworks/vecLib.framework/Versions/A/libBLAS.dylib
0x000000000ccf1000 	/System/Library/Frameworks/Accelerate.framework/Versions/A/Frameworks/vecLib.framework/Versions/A/libLinearAlgebra.dylib
0x000000000ccf1000 	/System/Library/Frameworks/ApplicationServices.framework/Versions/A/Frameworks/ATS.framework/Versions/A/Resources/libFontParser.dylib
0x000000000ccf1000 	/System/Library/Frameworks/ApplicationServices.framework/Versions/A/Frameworks/ATS.framework/Versions/A/Resources/libFontRegistry.dylib
0x000000000ccf1000 	/System/Library/PrivateFrameworks/AppleVPA.framework/Versions/A/AppleVPA
0x000000000ccf1000 	/System/Library/PrivateFrameworks/AppleJPEG.framework/Versions/A/AppleJPEG
0x000000000ccf1000 	/System/Library/Frameworks/ImageIO.framework/Versions/A/Resources/libJPEG.dylib
0x000000000ccf1000 	/System/Library/Frameworks/ImageIO.framework/Versions/A/Resources/libTIFF.dylib
0x000000000ccf1000 	/System/Library/Frameworks/ImageIO.framework/Versions/A/Resources/libPng.dylib
0x000000000ccf1000 	/System/Library/Frameworks/ImageIO.framework/Versions/A/Resources/libGIF.dylib
0x000000000ccf1000 	/System/Library/Frameworks/ImageIO.framework/Versions/A/Resources/libJP2.dylib
0x000000000ccf1000 	/System/Library/Frameworks/ImageIO.framework/Versions/A/Resources/libRadiance.dylib
0x000000000ccf1000 	/System/Library/Frameworks/CoreVideo.framework/Versions/A/CoreVideo
0x000000000ccf1000 	/System/Library/Frameworks/OpenGL.framework/Versions/A/Libraries/libGLU.dylib
0x000000000ccf1000 	/System/Library/Frameworks/OpenGL.framework/Versions/A/Libraries/libGFXShared.dylib
0x000000000ccf1000 	/System/Library/Frameworks/OpenGL.framework/Versions/A/Libraries/libGL.dylib
0x000000000ccf1000 	/System/Library/Frameworks/OpenGL.framework/Versions/A/Libraries/libGLImage.dylib
0x000000000ccf1000 	/System/Library/Frameworks/OpenGL.framework/Versions/A/Libraries/libCVMSPluginSupport.dylib
0x000000000ccf1000 	/System/Library/Frameworks/OpenGL.framework/Versions/A/Libraries/libCoreVMClient.dylib
0x000000000ccf1000 	/usr/lib/libcups.2.dylib
0x000000000ccf1000 	/System/Library/Frameworks/Kerberos.framework/Versions/A/Kerberos
0x000000000ccf1000 	/System/Library/Frameworks/GSS.framework/Versions/A/GSS
0x000000000ccf1000 	/usr/lib/libresolv.9.dylib
0x000000000ccf1000 	/usr/lib/libiconv.2.dylib
0x000000000ccf1000 	/System/Library/PrivateFrameworks/Heimdal.framework/Versions/A/Heimdal
0x000000000ccf1000 	/usr/lib/libheimdal-asn1.dylib
0x000000000ccf1000 	/System/Library/Frameworks/OpenDirectory.framework/Versions/A/OpenDirectory
0x000000000ccf1000 	/System/Library/PrivateFrameworks/CommonAuth.framework/Versions/A/CommonAuth
0x000000000ccf1000 	/System/Library/Frameworks/OpenDirectory.framework/Versions/A/Frameworks/CFOpenDirectory.framework/Versions/A/CFOpenDirectory
0x000000000ccf1000 	/System/Library/Frameworks/SecurityFoundation.framework/Versions/A/SecurityFoundation
0x000000000ccf1000 	/System/Library/PrivateFrameworks/LanguageModeling.framework/Versions/A/LanguageModeling
0x000000000ccf1000 	/usr/lib/libcmph.dylib
0x000000000ccf1000 	/System/Library/Frameworks/ServiceManagement.framework/Versions/A/ServiceManagement
0x000000000ccf1000 	/usr/lib/libxslt.1.dylib
0x000000000ccf1000 	/System/Library/Frameworks/Carbon.framework/Versions/A/Frameworks/Ink.framework/Versions/A/Ink
0x000000000ccf1000 	/System/Library/Frameworks/QuartzCore.framework/Versions/A/Frameworks/CoreImage.framework/Versions/A/CoreImage
0x000000000ccf1000 	/System/Library/PrivateFrameworks/CrashReporterSupport.framework/Versions/A/CrashReporterSupport
0x000000000ccf1000 	/System/Library/Frameworks/OpenCL.framework/Versions/A/OpenCL
0x000000000ccf1000 	/System/Library/PrivateFrameworks/FaceCore.framework/Versions/A/FaceCore
0x000000000ccf1000 	/System/Library/PrivateFrameworks/Ubiquity.framework/Versions/A/Ubiquity
0x000000000ccf1000 	/System/Library/PrivateFrameworks/IconServices.framework/Versions/A/IconServices
0x000000000ccf1000 	/System/Library/PrivateFrameworks/ChunkingLibrary.framework/Versions/A/ChunkingLibrary
0x000000000ccf1000 	/System/Library/PrivateFrameworks/Apple80211.framework/Versions/A/Apple80211
0x000000000ccf1000 	/System/Library/Frameworks/CoreWLAN.framework/Versions/A/CoreWLAN
0x000000000ccf1000 	/System/Library/Frameworks/IOBluetooth.framework/Versions/A/IOBluetooth
0x000000000ccf1000 	/System/Library/PrivateFrameworks/CoreWiFi.framework/Versions/A/CoreWiFi
0x000000000ccf1000 	/System/Library/Frameworks/CoreBluetooth.framework/Versions/A/CoreBluetooth
0x000000000ccf1000 	/System/Library/PrivateFrameworks/DebugSymbols.framework/Versions/A/DebugSymbols
0x000000000ccf1000 	/System/Library/PrivateFrameworks/CoreSymbolication.framework/Versions/A/CoreSymbolication
0x000000000ccf1000 	/System/Library/PrivateFrameworks/Symbolication.framework/Versions/A/Symbolication
0x000000000ccf1000 	/System/Library/PrivateFrameworks/SpeechRecognitionCore.framework/Versions/A/SpeechRecognitionCore
0x0000000100256000 	/Library/Java/JavaVirtualMachines/jdk1.8.0_05.jdk/Contents/Home/jre/lib/server/libjvm.dylib
0x000000000ccf1000 	/usr/lib/libstdc++.6.dylib
0x0000000101230000 	/Library/Java/JavaVirtualMachines/jdk1.8.0_05.jdk/Contents/Home/jre/lib/libverify.dylib
0x000000010123e000 	/Library/Java/JavaVirtualMachines/jdk1.8.0_05.jdk/Contents/Home/jre/lib/libjava.dylib
0x000000010127c000 	/Library/Java/JavaVirtualMachines/jdk1.8.0_05.jdk/Contents/Home/jre/lib/libzip.dylib
0x000000011495b000 	/System/Library/Frameworks/JavaVM.framework/Frameworks/JavaRuntimeSupport.framework/JavaRuntimeSupport
0x0000000114971000 	/System/Library/Frameworks/JavaVM.framework/Versions/A/Frameworks/JavaNativeFoundation.framework/Versions/A/JavaNativeFoundation
0x00000001013f0000 	/System/Library/Frameworks/JavaVM.framework/Versions/A/JavaVM
0x000000000ccf1000 	/System/Library/Frameworks/Carbon.framework/Versions/A/Carbon
0x0000000114985000 	/System/Library/PrivateFrameworks/JavaLaunching.framework/Versions/A/JavaLaunching
0x000000000ccf1000 	/System/Library/Frameworks/Carbon.framework/Versions/A/Frameworks/CommonPanels.framework/Versions/A/CommonPanels
0x000000000ccf1000 	/System/Library/Frameworks/Carbon.framework/Versions/A/Frameworks/Help.framework/Versions/A/Help
0x000000000ccf1000 	/System/Library/Frameworks/Carbon.framework/Versions/A/Frameworks/ImageCapture.framework/Versions/A/ImageCapture
0x000000000ccf1000 	/System/Library/Frameworks/Carbon.framework/Versions/A/Frameworks/OpenScripting.framework/Versions/A/OpenScripting
0x000000000ccf1000 	/System/Library/Frameworks/Carbon.framework/Versions/A/Frameworks/Print.framework/Versions/A/Print
0x000000000ccf1000 	/System/Library/Frameworks/Carbon.framework/Versions/A/Frameworks/SecurityHI.framework/Versions/A/SecurityHI
0x0000000116637000 	/Library/Java/JavaVirtualMachines/jdk1.8.0_05.jdk/Contents/Home/jre/lib/libawt.dylib
0x00000001166e6000 	/Library/Java/JavaVirtualMachines/jdk1.8.0_05.jdk/Contents/Home/jre/lib/./libmlib_image.dylib
0x00000001167b2000 	/Library/Java/JavaVirtualMachines/jdk1.8.0_05.jdk/Contents/Home/jre/lib/libawt_lwawt.dylib
0x0000000116864000 	/Library/Java/JavaVirtualMachines/jdk1.8.0_05.jdk/Contents/Home/jre/lib/./libosxapp.dylib
0x000000000ccf1000 	/System/Library/Frameworks/ExceptionHandling.framework/Versions/A/ExceptionHandling
0x000000000ccf1000 	/System/Library/PrivateFrameworks/CoreServicesInternal.framework/Versions/A/CoreServicesInternal
0x000000000ccf1000 	/System/Library/PrivateFrameworks/CloudDocs.framework/Versions/A/CloudDocs
0x000000000ccf1000 	/System/Library/PrivateFrameworks/CoreDuet.framework/Versions/A/CoreDuet
0x000000000ccf1000 	/System/Library/Frameworks/CloudKit.framework/Versions/A/CloudKit
0x000000000ccf1000 	/System/Library/PrivateFrameworks/ProtocolBuffer.framework/Versions/A/ProtocolBuffer
0x000000000ccf1000 	/System/Library/PrivateFrameworks/CoreDuetDaemonProtocol.framework/Versions/A/CoreDuetDaemonProtocol
0x000000000ccf1000 	/System/Library/PrivateFrameworks/CoreDuetDebugLogging.framework/Versions/A/CoreDuetDebugLogging
0x000000000ccf1000 	/System/Library/Frameworks/CoreLocation.framework/Versions/A/CoreLocation
0x000000000ccf1000 	/System/Library/Frameworks/Accounts.framework/Versions/A/Accounts
0x000000000ccf1000 	/System/Library/PrivateFrameworks/ApplePushService.framework/Versions/A/ApplePushService
0x000000000ccf1000 	/System/Library/PrivateFrameworks/GeoServices.framework/Versions/A/GeoServices
0x000000000ccf1000 	/System/Library/PrivateFrameworks/OAuth.framework/Versions/A/OAuth
0x000000000ccf1000 	/System/Library/PrivateFrameworks/CoreDaemon.framework/Versions/B/CoreDaemon
0x000000000ccf1000 	/usr/lib/libcrypto.0.9.8.dylib
0x000000000ccf1000 	/System/Library/PrivateFrameworks/AppleSRP.framework/Versions/A/AppleSRP
0x000000000ccf1000 	/System/Library/PrivateFrameworks/TrustEvaluationAgent.framework/Versions/A/TrustEvaluationAgent
0x0000000117dd3000 	/System/Library/Frameworks/CoreGraphics.framework/Versions/A/Resources/libCGCMS.A.dylib
0x00000001188e3000 	/System/Library/Frameworks/CoreGraphics.framework/Versions/A/Resources/libRIP.A.dylib
0x0000000118b5a000 	/System/Library/Frameworks/CoreGraphics.framework/Versions/A/Resources/libCGXType.A.dylib
0x000000000ccf1000 	/System/Library/Frameworks/OpenCL.framework/Versions/A/Libraries/libcldcpuengine.dylib
0x000000000ccf1000 	/System/Library/PrivateFrameworks/DiskImages.framework/Versions/A/DiskImages
0x000000000ccf1000 	/System/Library/Frameworks/DiscRecording.framework/Versions/A/DiscRecording
0x000000000ccf1000 	/usr/lib/libcsfde.dylib
0x000000000ccf1000 	/usr/lib/libcurl.4.dylib
0x000000000ccf1000 	/System/Library/PrivateFrameworks/MediaKit.framework/Versions/A/MediaKit
0x000000000ccf1000 	/System/Library/PrivateFrameworks/ProtectedCloudStorage.framework/Versions/A/ProtectedCloudStorage
0x000000000ccf1000 	/usr/lib/libCoreStorage.dylib
0x000000000ccf1000 	/System/Library/PrivateFrameworks/EFILogin.framework/Versions/A/EFILogin
0x000000000ccf1000 	/usr/lib/libutil.dylib
0x000000000ccf1000 	/System/Library/PrivateFrameworks/FindMyDevice.framework/Versions/A/FindMyDevice
0x000000000ccf1000 	/System/Library/Frameworks/LDAP.framework/Versions/A/LDAP
0x000000000ccf1000 	/usr/lib/libsasl2.2.dylib
0x00000001195c9000 	cl_kernels
0x00000001195cb000 	/System/Library/Frameworks/OpenCL.framework/Versions/A/Libraries/ImageFormats/unorm8_bgra.dylib
0x00000001195ba000 	cl_kernels
0x000000000ccf1000 	/System/Library/PrivateFrameworks/FamilyControls.framework/Versions/A/FamilyControls
0x000000000ccf1000 	/System/Library/PrivateFrameworks/CommerceKit.framework/Versions/A/Frameworks/CommerceCore.framework/Versions/A/CommerceCore
0x000000000ccf1000 	/System/Library/PrivateFrameworks/SystemAdministration.framework/Versions/A/SystemAdministration
0x000000000ccf1000 	/System/Library/PrivateFrameworks/AppContainer.framework/Versions/A/AppContainer
0x000000000ccf1000 	/System/Library/PrivateFrameworks/SecCodeWrapper.framework/Versions/A/SecCodeWrapper
0x000000000ccf1000 	/System/Library/Frameworks/DirectoryService.framework/Versions/A/DirectoryService
0x000000000ccf1000 	/System/Library/PrivateFrameworks/LoginUIKit.framework/Versions/A/Frameworks/LoginUICore.framework/Versions/A/LoginUICore
0x000000000ccf1000 	/usr/lib/libodfde.dylib
0x000000011a891000 	/System/Library/Frameworks/OpenGL.framework/Resources/GLEngine.bundle/GLEngine
0x000000000ccf1000 	/System/Library/Frameworks/OpenGL.framework/Versions/A/Libraries/libGLProgrammability.dylib
0x0000000000000000 	/System/Library/Extensions/GeForceTeslaGLDriver.bundle/Contents/MacOS/GeForceTeslaGLDriver
0x000000011aa7c000 	/System/Library/Extensions/GeForceTeslaGLDriver.bundle/Contents/MacOS/libclh.dylib
0x0000000118af4000 	/System/Library/PrivateFrameworks/GPUSupport.framework/Versions/A/Libraries/libGPUSupport.dylib
0x000000011b2c3000 	/System/Library/Frameworks/OpenGL.framework/Resources//GLRendererFloat.bundle/GLRendererFloat
0x000000011b951000 	/Library/Java/JavaVirtualMachines/jdk1.8.0_05.jdk/Contents/Home/jre/lib/libfontmanager.dylib
0x000000011b9b7000 	/Library/Java/JavaVirtualMachines/jdk1.8.0_05.jdk/Contents/Home/jre/lib/libosxui.dylib
0x000000011bd47000 	/Library/Java/JavaVirtualMachines/jdk1.8.0_05.jdk/Contents/Home/jre/lib/libnet.dylib
0x000000011bad6000 	/Library/Java/JavaVirtualMachines/jdk1.8.0_05.jdk/Contents/Home/jre/lib/libnio.dylib
0x000000000ccf1000 	/System/Library/Frameworks/Accelerate.framework/Versions/A/Frameworks/vImage.framework/Versions/A/Libraries/libCGInterfaces.dylib

VM Arguments:
jvm_args: -Dfile.encoding=UTF-8 
java_command: principal.Principal
java_class_path (initial): /Users/sergiobugalho/Documents/workspaceeda/Meta3Finalissimo/bin:/Users/sergiobugalho/Documents/workspaceeda/Meta3Finalissimo/src/jfreechart-1.0.17.jar:/Users/sergiobugalho/Documents/workspaceeda/Meta3Finalissimo/src/jcommon-1.0.21.jar
Launcher Type: SUN_STANDARD

Environment Variables:
PATH=/usr/bin:/bin:/usr/sbin:/sbin
SHELL=/bin/bash

Signal Handlers:
SIGSEGV: [libjvm.dylib+0x55f7df], sa_mask[0]=0xfffefeff, sa_flags=0x00000043
SIGBUS: [libjvm.dylib+0x55f7df], sa_mask[0]=0xfffefeff, sa_flags=0x00000042
SIGFPE: [libjvm.dylib+0x442cfa], sa_mask[0]=0xfffefeff, sa_flags=0x00000042
SIGPIPE: [libjvm.dylib+0x442cfa], sa_mask[0]=0xfffefeff, sa_flags=0x00000042
SIGXFSZ: [libjvm.dylib+0x442cfa], sa_mask[0]=0xfffefeff, sa_flags=0x00000042
SIGILL: [libjvm.dylib+0x442cfa], sa_mask[0]=0xfffefeff, sa_flags=0x00000042
SIGUSR1: SIG_DFL, sa_mask[0]=0x00000000, sa_flags=0x00000000
SIGUSR2: [libjvm.dylib+0x442818], sa_mask[0]=0x00000004, sa_flags=0x00000042
SIGHUP: [libjvm.dylib+0x440ba5], sa_mask[0]=0xfffefeff, sa_flags=0x00000042
SIGINT: [libjvm.dylib+0x440ba5], sa_mask[0]=0xfffefeff, sa_flags=0x00000042
SIGTERM: [libjvm.dylib+0x440ba5], sa_mask[0]=0xfffefeff, sa_flags=0x00000042
SIGQUIT: [libjvm.dylib+0x440ba5], sa_mask[0]=0xfffefeff, sa_flags=0x00000042


---------------  S Y S T E M  ---------------

OS:Bsduname:Darwin 14.1.0 Darwin Kernel Version 14.1.0: Sun Dec 28 21:20:58 PST 2014; root:xnu-2782.10.72~3/RELEASE_X86_64 x86_64
rlimit: STACK 8192k, CORE 0k, NPROC 709, NOFILE 10240, AS infinity
load average:6.76 5.19 6.55

CPU:total 2 (2 cores per cpu, 1 threads per core) family 6 model 23 stepping 6, cmov, cx8, fxsr, mmx, sse, sse2, sse3, ssse3, sse4.1, tsc

Memory: 4k page, physical 4194304k(17992k free)

/proc/meminfo:


vm_info: Java HotSpot(TM) 64-Bit Server VM (25.5-b02) for bsd-amd64 JRE (1.8.0_05-b13), built on Mar 18 2014 00:36:13 by "java_re" with gcc 4.2.1 (Based on Apple Inc. build 5658) (LLVM build 2336.11.00)

time: Fri Jan 16 18:35:59 2015
elapsed time: 8073 seconds

